
----------------------------------------------------------------------------------------------------------------
The specified container already exists.
RequestId:73e3ce7b-c01e-0023-1dff-48593a000000
Time:2022-04-05T15:10:34.8793486Z
ErrorCode:ContainerAlreadyExists
Content: <?xml version="1.0" encoding="utf-8"?><Error><Code>ContainerAlreadyExists</Code><Message>The specified container already exists.
RequestId:73e3ce7b-c01e-0023-1dff-48593a000000
Time:2022-04-05T15:10:34.8793486Z</Message></Error>
----------------------------------------------------------------------------------------------------------------
The specified container already exists.
RequestId:606adc90-601e-0007-0fff-48c074000000
Time:2022-04-05T15:11:45.1729636Z
ErrorCode:ContainerAlreadyExists
Content: <?xml version="1.0" encoding="utf-8"?><Error><Code>ContainerAlreadyExists</Code><Message>The specified container already exists.
RequestId:606adc90-601e-0007-0fff-48c074000000
Time:2022-04-05T15:11:45.1729636Z</Message></Error>
------------------------------------------------------------------------------------------------------------------
rename: src should be string, bytes or os.PathLike, not BufferedReader
------------------------------------------------------------------------------------------------------------------
rename: src should be string, bytes or os.PathLike, not BufferedReader
------------------------------------------------------------------------------------------------------------------
rename: src should be string, bytes or os.PathLike, not BufferedReader
----------------------------------------------------------------------------------------------------------------
The specified container already exists.
RequestId:a4d9b393-b01e-0063-33ff-4870d4000000
Time:2022-04-05T15:13:43.1256779Z
ErrorCode:ContainerAlreadyExists
Content: <?xml version="1.0" encoding="utf-8"?><Error><Code>ContainerAlreadyExists</Code><Message>The specified container already exists.
RequestId:a4d9b393-b01e-0063-33ff-4870d4000000
Time:2022-04-05T15:13:43.1256779Z</Message></Error>
------------------------------------------------------------------------------------------------------------------
The specified blob already exists.
RequestId:a4d9b3c6-b01e-0063-5fff-4870d4000000
Time:2022-04-05T15:13:43.2216225Z
ErrorCode:BlobAlreadyExists
Content: <?xml version="1.0" encoding="utf-8"?><Error><Code>BlobAlreadyExists</Code><Message>The specified blob already exists.
RequestId:a4d9b3c6-b01e-0063-5fff-4870d4000000
Time:2022-04-05T15:13:43.2216225Z</Message></Error>
------------------------------------------------------------------------------------------------------------------
The specified blob already exists.
RequestId:a4d9b3f7-b01e-0063-0bff-4870d4000000
Time:2022-04-05T15:13:43.3115706Z
ErrorCode:BlobAlreadyExists
Content: <?xml version="1.0" encoding="utf-8"?><Error><Code>BlobAlreadyExists</Code><Message>The specified blob already exists.
RequestId:a4d9b3f7-b01e-0063-0bff-4870d4000000
Time:2022-04-05T15:13:43.3115706Z</Message></Error>
------------------------------------------------------------------------------------------------------------------
The specified blob already exists.
RequestId:a4d9b416-b01e-0063-28ff-4870d4000000
Time:2022-04-05T15:13:43.3995196Z
ErrorCode:BlobAlreadyExists
Content: <?xml version="1.0" encoding="utf-8"?><Error><Code>BlobAlreadyExists</Code><Message>The specified blob already exists.
RequestId:a4d9b416-b01e-0063-28ff-4870d4000000
Time:2022-04-05T15:13:43.3995196Z</Message></Error>
----------------------------------------------------------------------------------------------------------------
The specified container already exists.
RequestId:941dbca7-d01e-001e-11ff-48ec1c000000
Time:2022-04-05T15:14:27.4237332Z
ErrorCode:ContainerAlreadyExists
Content: <?xml version="1.0" encoding="utf-8"?><Error><Code>ContainerAlreadyExists</Code><Message>The specified container already exists.
RequestId:941dbca7-d01e-001e-11ff-48ec1c000000
Time:2022-04-05T15:14:27.4237332Z</Message></Error>
------------------------------------------------------------------------------------------------------------------

 -- data The specified blob already exists.
RequestId:941dbcfe-d01e-001e-57ff-48ec1c000000
Time:2022-04-05T15:14:27.5166816Z
ErrorCode:BlobAlreadyExists
Content: <?xml version="1.0" encoding="utf-8"?><Error><Code>BlobAlreadyExists</Code><Message>The specified blob already exists.
RequestId:941dbcfe-d01e-001e-57ff-48ec1c000000
Time:2022-04-05T15:14:27.5166816Z</Message></Error>
------------------------------------------------------------------------------------------------------------------

 -- data The specified blob already exists.
RequestId:941dbd3e-d01e-001e-13ff-48ec1c000000
Time:2022-04-05T15:14:27.6066289Z
ErrorCode:BlobAlreadyExists
Content: <?xml version="1.0" encoding="utf-8"?><Error><Code>BlobAlreadyExists</Code><Message>The specified blob already exists.
RequestId:941dbd3e-d01e-001e-13ff-48ec1c000000
Time:2022-04-05T15:14:27.6066289Z</Message></Error>
------------------------------------------------------------------------------------------------------------------

 -- data The specified blob already exists.
RequestId:941dbd79-d01e-001e-4bff-48ec1c000000
Time:2022-04-05T15:14:27.6865839Z
ErrorCode:BlobAlreadyExists
Content: <?xml version="1.0" encoding="utf-8"?><Error><Code>BlobAlreadyExists</Code><Message>The specified blob already exists.
RequestId:941dbd79-d01e-001e-4bff-48ec1c000000
Time:2022-04-05T15:14:27.6865839Z</Message></Error>
----------------------------------------------------------------------------------------------------------------
The specified container already exists.
RequestId:c6b9f065-301e-0014-3aff-48f595000000
Time:2022-04-05T15:14:48.0578893Z
ErrorCode:ContainerAlreadyExists
Content: <?xml version="1.0" encoding="utf-8"?><Error><Code>ContainerAlreadyExists</Code><Message>The specified container already exists.
RequestId:c6b9f065-301e-0014-3aff-48f595000000
Time:2022-04-05T15:14:48.0578893Z</Message></Error>
------------------------------------------------------------------------------------------------------------------
 -- data The specified blob already exists.
RequestId:c6b9f0a4-301e-0014-6fff-48f595000000
Time:2022-04-05T15:14:48.1528353Z
ErrorCode:BlobAlreadyExists
Content: <?xml version="1.0" encoding="utf-8"?><Error><Code>BlobAlreadyExists</Code><Message>The specified blob already exists.
RequestId:c6b9f0a4-301e-0014-6fff-48f595000000
Time:2022-04-05T15:14:48.1528353Z</Message></Error>

------------------------------------------------------------------------------------------------------------------
 -- data The specified blob already exists.
RequestId:c6b9f0d3-301e-0014-1cff-48f595000000
Time:2022-04-05T15:14:48.2437837Z
ErrorCode:BlobAlreadyExists
Content: <?xml version="1.0" encoding="utf-8"?><Error><Code>BlobAlreadyExists</Code><Message>The specified blob already exists.
RequestId:c6b9f0d3-301e-0014-1cff-48f595000000
Time:2022-04-05T15:14:48.2437837Z</Message></Error>

------------------------------------------------------------------------------------------------------------------
 -- data The specified blob already exists.
RequestId:c6b9f10e-301e-0014-48ff-48f595000000
Time:2022-04-05T15:14:48.3267357Z
ErrorCode:BlobAlreadyExists
Content: <?xml version="1.0" encoding="utf-8"?><Error><Code>BlobAlreadyExists</Code><Message>The specified blob already exists.
RequestId:c6b9f10e-301e-0014-48ff-48f595000000
Time:2022-04-05T15:14:48.3267357Z</Message></Error>

----------------------------------------------------------------------------------------------------------------
The specified container already exists.
RequestId:75d04543-201e-0000-70ff-4836f1000000
Time:2022-04-05T15:15:03.8888318Z
ErrorCode:ContainerAlreadyExists
Content: <?xml version="1.0" encoding="utf-8"?><Error><Code>ContainerAlreadyExists</Code><Message>The specified container already exists.
RequestId:75d04543-201e-0000-70ff-4836f1000000
Time:2022-04-05T15:15:03.8888318Z</Message></Error>
 # ------------------------------------------------------------------------------------------------------------------
 # -- data The specified blob already exists.
RequestId:75d0457a-201e-0000-1dff-4836f1000000
Time:2022-04-05T15:15:03.9857773Z
ErrorCode:BlobAlreadyExists
Content: <?xml version="1.0" encoding="utf-8"?><Error><Code>BlobAlreadyExists</Code><Message>The specified blob already exists.
RequestId:75d0457a-201e-0000-1dff-4836f1000000
Time:2022-04-05T15:15:03.9857773Z</Message></Error>

 # ------------------------------------------------------------------------------------------------------------------
 # -- data The specified blob already exists.
RequestId:75d045a1-201e-0000-41ff-4836f1000000
Time:2022-04-05T15:15:04.0747266Z
ErrorCode:BlobAlreadyExists
Content: <?xml version="1.0" encoding="utf-8"?><Error><Code>BlobAlreadyExists</Code><Message>The specified blob already exists.
RequestId:75d045a1-201e-0000-41ff-4836f1000000
Time:2022-04-05T15:15:04.0747266Z</Message></Error>

 # ------------------------------------------------------------------------------------------------------------------
 # -- data The specified blob already exists.
RequestId:75d045d8-201e-0000-70ff-4836f1000000
Time:2022-04-05T15:15:04.1636749Z
ErrorCode:BlobAlreadyExists
Content: <?xml version="1.0" encoding="utf-8"?><Error><Code>BlobAlreadyExists</Code><Message>The specified blob already exists.
RequestId:75d045d8-201e-0000-70ff-4836f1000000
Time:2022-04-05T15:15:04.1636749Z</Message></Error>

----------------------------------------------------------------------------------------------------------------
The specified container already exists.
RequestId:4695eeaa-f01e-006f-7eff-489e25000000
Time:2022-04-05T15:15:16.0386389Z
ErrorCode:ContainerAlreadyExists
Content: <?xml version="1.0" encoding="utf-8"?><Error><Code>ContainerAlreadyExists</Code><Message>The specified container already exists.
RequestId:4695eeaa-f01e-006f-7eff-489e25000000
Time:2022-04-05T15:15:16.0386389Z</Message></Error>
# ------------------------------------------------------------------------------------------------------------------
# -- data The specified blob already exists.
RequestId:4695eefe-f01e-006f-4aff-489e25000000
Time:2022-04-05T15:15:16.1325842Z
ErrorCode:BlobAlreadyExists
Content: <?xml version="1.0" encoding="utf-8"?><Error><Code>BlobAlreadyExists</Code><Message>The specified blob already exists.
RequestId:4695eefe-f01e-006f-4aff-489e25000000
Time:2022-04-05T15:15:16.1325842Z</Message></Error>

# ------------------------------------------------------------------------------------------------------------------
# -- data The specified blob already exists.
RequestId:4695ef14-f01e-006f-5eff-489e25000000
Time:2022-04-05T15:15:16.2165358Z
ErrorCode:BlobAlreadyExists
Content: <?xml version="1.0" encoding="utf-8"?><Error><Code>BlobAlreadyExists</Code><Message>The specified blob already exists.
RequestId:4695ef14-f01e-006f-5eff-489e25000000
Time:2022-04-05T15:15:16.2165358Z</Message></Error>

# ------------------------------------------------------------------------------------------------------------------
# -- data The specified blob already exists.
RequestId:4695ef2e-f01e-006f-75ff-489e25000000
Time:2022-04-05T15:15:16.2964905Z
ErrorCode:BlobAlreadyExists
Content: <?xml version="1.0" encoding="utf-8"?><Error><Code>BlobAlreadyExists</Code><Message>The specified blob already exists.
RequestId:4695ef2e-f01e-006f-75ff-489e25000000
Time:2022-04-05T15:15:16.2964905Z</Message></Error>

----------------------------------------------------------------------------------------------------------------
The specified container already exists.
RequestId:c288042f-e01e-0052-4c00-492b03000000
Time:2022-04-05T15:15:48.5466333Z
ErrorCode:ContainerAlreadyExists
Content: <?xml version="1.0" encoding="utf-8"?><Error><Code>ContainerAlreadyExists</Code><Message>The specified container already exists.
RequestId:c288042f-e01e-0052-4c00-492b03000000
Time:2022-04-05T15:15:48.5466333Z</Message></Error>
# ------------------------------------------------------------------------------------------------------------------
# -- data The specified blob already exists.
RequestId:c2880493-e01e-0052-2200-492b03000000
Time:2022-04-05T15:15:48.6265880Z
ErrorCode:BlobAlreadyExists
Content: <?xml version="1.0" encoding="utf-8"?><Error><Code>BlobAlreadyExists</Code><Message>The specified blob already exists.
RequestId:c2880493-e01e-0052-2200-492b03000000
Time:2022-04-05T15:15:48.6265880Z</Message></Error>

# ------------------------------------------------------------------------------------------------------------------

# ------------------------------------------------------------------------------------------------------------------
# -- data The specified blob already exists.
RequestId:c28804e3-e01e-0052-6600-492b03000000
Time:2022-04-05T15:15:48.7135414Z
ErrorCode:BlobAlreadyExists
Content: <?xml version="1.0" encoding="utf-8"?><Error><Code>BlobAlreadyExists</Code><Message>The specified blob already exists.
RequestId:c28804e3-e01e-0052-6600-492b03000000
Time:2022-04-05T15:15:48.7135414Z</Message></Error>

# ------------------------------------------------------------------------------------------------------------------

# ------------------------------------------------------------------------------------------------------------------
# -- data The specified blob already exists.
RequestId:c288052c-e01e-0052-2b00-492b03000000
Time:2022-04-05T15:15:48.7894947Z
ErrorCode:BlobAlreadyExists
Content: <?xml version="1.0" encoding="utf-8"?><Error><Code>BlobAlreadyExists</Code><Message>The specified blob already exists.
RequestId:c288052c-e01e-0052-2b00-492b03000000
Time:2022-04-05T15:15:48.7894947Z</Message></Error>

# ------------------------------------------------------------------------------------------------------------------

----------------------------------------------------------------------------------------------------------------
The specified container already exists.
RequestId:99446d70-e01e-0016-2800-49f76f000000
Time:2022-04-05T15:16:03.7885321Z
ErrorCode:ContainerAlreadyExists
Content: <?xml version="1.0" encoding="utf-8"?><Error><Code>ContainerAlreadyExists</Code><Message>The specified container already exists.
RequestId:99446d70-e01e-0016-2800-49f76f000000
Time:2022-04-05T15:16:03.7885321Z</Message></Error>
# ------------------------------------------------------------------------------------------------------------------
# -- data The specified blob already exists.
RequestId:99446dd1-e01e-0016-7700-49f76f000000
Time:2022-04-05T15:16:03.8904746Z
ErrorCode:BlobAlreadyExists
Content: <?xml version="1.0" encoding="utf-8"?><Error><Code>BlobAlreadyExists</Code><Message>The specified blob already exists.
RequestId:99446dd1-e01e-0016-7700-49f76f000000
Time:2022-04-05T15:16:03.8904746Z</Message></Error>
# ------------------------------------------------------------------------------------------------------------------

# ------------------------------------------------------------------------------------------------------------------
# -- data The specified blob already exists.
RequestId:99446e27-e01e-0016-4300-49f76f000000
Time:2022-04-05T15:16:03.9754270Z
ErrorCode:BlobAlreadyExists
Content: <?xml version="1.0" encoding="utf-8"?><Error><Code>BlobAlreadyExists</Code><Message>The specified blob already exists.
RequestId:99446e27-e01e-0016-4300-49f76f000000
Time:2022-04-05T15:16:03.9754270Z</Message></Error>
# ------------------------------------------------------------------------------------------------------------------

# ------------------------------------------------------------------------------------------------------------------
# -- data The specified blob already exists.
RequestId:99446e72-e01e-0016-0600-49f76f000000
Time:2022-04-05T15:16:04.0793668Z
ErrorCode:BlobAlreadyExists
Content: <?xml version="1.0" encoding="utf-8"?><Error><Code>BlobAlreadyExists</Code><Message>The specified blob already exists.
RequestId:99446e72-e01e-0016-0600-49f76f000000
Time:2022-04-05T15:16:04.0793668Z</Message></Error>
# ------------------------------------------------------------------------------------------------------------------

----------------------------------------------------------------------------------------------------------------
The specified container already exists.
RequestId:f47a5ef2-d01e-0073-4000-494632000000
Time:2022-04-05T15:16:30.3775895Z
ErrorCode:ContainerAlreadyExists
Content: <?xml version="1.0" encoding="utf-8"?><Error><Code>ContainerAlreadyExists</Code><Message>The specified container already exists.
RequestId:f47a5ef2-d01e-0073-4000-494632000000
Time:2022-04-05T15:16:30.3775895Z</Message></Error>
# ------------------------------------------------------------------------------------------------------------------
# -- <_io.BufferedReader name='.\\OMS-ORCL-ASSESSMENT\\OramixManagedServices\\oms_assessment_database_192.168.0.32_1521_ORCLCDB_20220405_1558.json'>The specified blob already exists.
RequestId:f47a5f54-d01e-0073-1800-494632000000
Time:2022-04-05T15:16:30.4725345Z
ErrorCode:BlobAlreadyExists
Content: <?xml version="1.0" encoding="utf-8"?><Error><Code>BlobAlreadyExists</Code><Message>The specified blob already exists.
RequestId:f47a5f54-d01e-0073-1800-494632000000
Time:2022-04-05T15:16:30.4725345Z</Message></Error>
# ------------------------------------------------------------------------------------------------------------------

# ------------------------------------------------------------------------------------------------------------------
# -- <_io.BufferedReader name='.\\OMS-ORCL-ASSESSMENT\\OramixManagedServices\\oms_assessment_dev02_192.168.0.32_1521_ORCLCDB_20220405_1558.json'>The specified blob already exists.
RequestId:f47a5f79-d01e-0073-3c00-494632000000
Time:2022-04-05T15:16:30.5594853Z
ErrorCode:BlobAlreadyExists
Content: <?xml version="1.0" encoding="utf-8"?><Error><Code>BlobAlreadyExists</Code><Message>The specified blob already exists.
RequestId:f47a5f79-d01e-0073-3c00-494632000000
Time:2022-04-05T15:16:30.5594853Z</Message></Error>
# ------------------------------------------------------------------------------------------------------------------

# ------------------------------------------------------------------------------------------------------------------
# -- <_io.BufferedReader name='.\\OMS-ORCL-ASSESSMENT\\OramixManagedServices\\oms_assessment_test02_192.168.0.32_1521_ORCLCDB_20220405_1558.json'>The specified blob already exists.
RequestId:f47a5fb1-d01e-0073-6e00-494632000000
Time:2022-04-05T15:16:30.6474356Z
ErrorCode:BlobAlreadyExists
Content: <?xml version="1.0" encoding="utf-8"?><Error><Code>BlobAlreadyExists</Code><Message>The specified blob already exists.
RequestId:f47a5fb1-d01e-0073-6e00-494632000000
Time:2022-04-05T15:16:30.6474356Z</Message></Error>
# ------------------------------------------------------------------------------------------------------------------

----------------------------------------------------------------------------------------------------------------
The specified container already exists.
RequestId:dac2cefc-601e-002e-1700-49b636000000
Time:2022-04-05T15:16:47.5981111Z
ErrorCode:ContainerAlreadyExists
Content: <?xml version="1.0" encoding="utf-8"?><Error><Code>ContainerAlreadyExists</Code><Message>The specified container already exists.
RequestId:dac2cefc-601e-002e-1700-49b636000000
Time:2022-04-05T15:16:47.5981111Z</Message></Error>
# ------------------------------------------------------------------------------------------------------------------
# -- <_io.BufferedReader name='.\\OMS-ORCL-ASSESSMENT\\OramixManagedServices\\oms_assessment_database_192.168.0.32_1521_ORCLCDB_20220405_1558.json'>
The specified blob already exists.
RequestId:dac2cf24-601e-002e-3a00-49b636000000
Time:2022-04-05T15:16:47.6800645Z
ErrorCode:BlobAlreadyExists
Content: <?xml version="1.0" encoding="utf-8"?><Error><Code>BlobAlreadyExists</Code><Message>The specified blob already exists.
RequestId:dac2cf24-601e-002e-3a00-49b636000000
Time:2022-04-05T15:16:47.6800645Z</Message></Error>
# ------------------------------------------------------------------------------------------------------------------

# ------------------------------------------------------------------------------------------------------------------
# -- <_io.BufferedReader name='.\\OMS-ORCL-ASSESSMENT\\OramixManagedServices\\oms_assessment_dev02_192.168.0.32_1521_ORCLCDB_20220405_1558.json'>
The specified blob already exists.
RequestId:dac2cf4a-601e-002e-5f00-49b636000000
Time:2022-04-05T15:16:47.7630173Z
ErrorCode:BlobAlreadyExists
Content: <?xml version="1.0" encoding="utf-8"?><Error><Code>BlobAlreadyExists</Code><Message>The specified blob already exists.
RequestId:dac2cf4a-601e-002e-5f00-49b636000000
Time:2022-04-05T15:16:47.7630173Z</Message></Error>
# ------------------------------------------------------------------------------------------------------------------

# ------------------------------------------------------------------------------------------------------------------
# -- <_io.BufferedReader name='.\\OMS-ORCL-ASSESSMENT\\OramixManagedServices\\oms_assessment_test02_192.168.0.32_1521_ORCLCDB_20220405_1558.json'>
The specified blob already exists.
RequestId:dac2cf6d-601e-002e-7e00-49b636000000
Time:2022-04-05T15:16:47.8479693Z
ErrorCode:BlobAlreadyExists
Content: <?xml version="1.0" encoding="utf-8"?><Error><Code>BlobAlreadyExists</Code><Message>The specified blob already exists.
RequestId:dac2cf6d-601e-002e-7e00-49b636000000
Time:2022-04-05T15:16:47.8479693Z</Message></Error>
# ------------------------------------------------------------------------------------------------------------------

----------------------------------------------------------------------------------------------------------------
The specified container already exists.
RequestId:670db7c7-401e-0076-2800-49b24d000000
Time:2022-04-05T15:17:28.5071382Z
ErrorCode:ContainerAlreadyExists
Content: <?xml version="1.0" encoding="utf-8"?><Error><Code>ContainerAlreadyExists</Code><Message>The specified container already exists.
RequestId:670db7c7-401e-0076-2800-49b24d000000
Time:2022-04-05T15:17:28.5071382Z</Message></Error>
# ------------------------------------------------------------------------------------------------------------------
# -- <_io.BufferedReader name='.\\OMS-ORCL-ASSESSMENT\\OramixManagedServices\\oms_assessment_database_192.168.0.32_1521_ORCLCDB_20220405_1558.json'>
rename: src should be string, bytes or os.PathLike, not BufferedReader
# ------------------------------------------------------------------------------------------------------------------

# ------------------------------------------------------------------------------------------------------------------
# -- <_io.BufferedReader name='.\\OMS-ORCL-ASSESSMENT\\OramixManagedServices\\oms_assessment_dev02_192.168.0.32_1521_ORCLCDB_20220405_1558.json'>
The specified blob already exists.
RequestId:670db82f-401e-0076-0400-49b24d000000
Time:2022-04-05T15:17:28.7020273Z
ErrorCode:BlobAlreadyExists
Content: <?xml version="1.0" encoding="utf-8"?><Error><Code>BlobAlreadyExists</Code><Message>The specified blob already exists.
RequestId:670db82f-401e-0076-0400-49b24d000000
Time:2022-04-05T15:17:28.7020273Z</Message></Error>
# ------------------------------------------------------------------------------------------------------------------

# ------------------------------------------------------------------------------------------------------------------
# -- <_io.BufferedReader name='.\\OMS-ORCL-ASSESSMENT\\OramixManagedServices\\oms_assessment_test02_192.168.0.32_1521_ORCLCDB_20220405_1558.json'>
The specified blob already exists.
RequestId:670db857-401e-0076-2900-49b24d000000
Time:2022-04-05T15:17:28.7829813Z
ErrorCode:BlobAlreadyExists
Content: <?xml version="1.0" encoding="utf-8"?><Error><Code>BlobAlreadyExists</Code><Message>The specified blob already exists.
RequestId:670db857-401e-0076-2900-49b24d000000
Time:2022-04-05T15:17:28.7829813Z</Message></Error>
# ------------------------------------------------------------------------------------------------------------------

----------------------------------------------------------------------------------------------------------------
The specified container already exists.
RequestId:8b2cbc19-701e-003a-1c00-497552000000
Time:2022-04-05T15:18:10.0375132Z
ErrorCode:ContainerAlreadyExists
Content: <?xml version="1.0" encoding="utf-8"?><Error><Code>ContainerAlreadyExists</Code><Message>The specified container already exists.
RequestId:8b2cbc19-701e-003a-1c00-497552000000
Time:2022-04-05T15:18:10.0375132Z</Message></Error>
# ------------------------------------------------------------------------------------------------------------------
# -- <_io.BufferedReader name='.\\OMS-ORCL-ASSESSMENT\\OramixManagedServices\\oms_assessment_database_192.168.0.32_1521_ORCLCDB_20220405_1558.json'>
The specified blob already exists.
RequestId:8b2cbc81-701e-003a-7800-497552000000
Time:2022-04-05T15:18:10.1314596Z
ErrorCode:BlobAlreadyExists
Content: <?xml version="1.0" encoding="utf-8"?><Error><Code>BlobAlreadyExists</Code><Message>The specified blob already exists.
RequestId:8b2cbc81-701e-003a-7800-497552000000
Time:2022-04-05T15:18:10.1314596Z</Message></Error>
# ------------------------------------------------------------------------------------------------------------------

# ------------------------------------------------------------------------------------------------------------------
# -- <_io.BufferedReader name='.\\OMS-ORCL-ASSESSMENT\\OramixManagedServices\\oms_assessment_dev02_192.168.0.32_1521_ORCLCDB_20220405_1558.json'>
The specified blob already exists.
RequestId:8b2cbcbf-701e-003a-3100-497552000000
Time:2022-04-05T15:18:10.2164113Z
ErrorCode:BlobAlreadyExists
Content: <?xml version="1.0" encoding="utf-8"?><Error><Code>BlobAlreadyExists</Code><Message>The specified blob already exists.
RequestId:8b2cbcbf-701e-003a-3100-497552000000
Time:2022-04-05T15:18:10.2164113Z</Message></Error>
# ------------------------------------------------------------------------------------------------------------------

# ------------------------------------------------------------------------------------------------------------------
# -- <_io.BufferedReader name='.\\OMS-ORCL-ASSESSMENT\\OramixManagedServices\\oms_assessment_test02_192.168.0.32_1521_ORCLCDB_20220405_1558.json'>
The specified blob already exists.
RequestId:8b2cbced-701e-003a-5d00-497552000000
Time:2022-04-05T15:18:10.2953662Z
ErrorCode:BlobAlreadyExists
Content: <?xml version="1.0" encoding="utf-8"?><Error><Code>BlobAlreadyExists</Code><Message>The specified blob already exists.
RequestId:8b2cbced-701e-003a-5d00-497552000000
Time:2022-04-05T15:18:10.2953662Z</Message></Error>
# ------------------------------------------------------------------------------------------------------------------

----------------------------------------------------------------------------------------------------------------
The specified container already exists.
RequestId:8f632d75-b01e-002c-0900-49b4cc000000
Time:2022-04-05T15:21:47.6425170Z
ErrorCode:ContainerAlreadyExists
Content: <?xml version="1.0" encoding="utf-8"?><Error><Code>ContainerAlreadyExists</Code><Message>The specified container already exists.
RequestId:8f632d75-b01e-002c-0900-49b4cc000000
Time:2022-04-05T15:21:47.6425170Z</Message></Error>
# ------------------------------------------------------------------------------------------------------------------
# -- <_io.BufferedReader name='.\\OMS-ORCL-ASSESSMENT\\OramixManagedServices\\oms_assessment_database_192.168.0.32_1521_ORCLCDB_20220405_1558.json'>
The specified blob already exists.
RequestId:8f632dbb-b01e-002c-4400-49b4cc000000
Time:2022-04-05T15:21:47.7504547Z
ErrorCode:BlobAlreadyExists
Content: <?xml version="1.0" encoding="utf-8"?><Error><Code>BlobAlreadyExists</Code><Message>The specified blob already exists.
RequestId:8f632dbb-b01e-002c-4400-49b4cc000000
Time:2022-04-05T15:21:47.7504547Z</Message></Error>
# ------------------------------------------------------------------------------------------------------------------

# ------------------------------------------------------------------------------------------------------------------
# -- <_io.BufferedReader name='.\\OMS-ORCL-ASSESSMENT\\OramixManagedServices\\oms_assessment_dev02_192.168.0.32_1521_ORCLCDB_20220405_1558.json'>
The specified blob already exists.
RequestId:8f632def-b01e-002c-7400-49b4cc000000
Time:2022-04-05T15:21:47.8623904Z
ErrorCode:BlobAlreadyExists
Content: <?xml version="1.0" encoding="utf-8"?><Error><Code>BlobAlreadyExists</Code><Message>The specified blob already exists.
RequestId:8f632def-b01e-002c-7400-49b4cc000000
Time:2022-04-05T15:21:47.8623904Z</Message></Error>
# ------------------------------------------------------------------------------------------------------------------

# ------------------------------------------------------------------------------------------------------------------
# -- <_io.BufferedReader name='.\\OMS-ORCL-ASSESSMENT\\OramixManagedServices\\oms_assessment_test02_192.168.0.32_1521_ORCLCDB_20220405_1558.json'>
The specified blob already exists.
RequestId:8f632e3c-b01e-002c-2c00-49b4cc000000
Time:2022-04-05T15:21:47.9513396Z
ErrorCode:BlobAlreadyExists
Content: <?xml version="1.0" encoding="utf-8"?><Error><Code>BlobAlreadyExists</Code><Message>The specified blob already exists.
RequestId:8f632e3c-b01e-002c-2c00-49b4cc000000
Time:2022-04-05T15:21:47.9513396Z</Message></Error>
# ------------------------------------------------------------------------------------------------------------------

----------------------------------------------------------------------------------------------------------------
The specified container already exists.
RequestId:9b4eae52-101e-004c-1a00-49f1ee000000
Time:2022-04-05T15:22:23.3835745Z
ErrorCode:ContainerAlreadyExists
Content: <?xml version="1.0" encoding="utf-8"?><Error><Code>ContainerAlreadyExists</Code><Message>The specified container already exists.
RequestId:9b4eae52-101e-004c-1a00-49f1ee000000
Time:2022-04-05T15:22:23.3835745Z</Message></Error>
# ------------------------------------------------------------------------------------------------------------------
# -- <_io.BufferedReader name='.\\OMS-ORCL-ASSESSMENT\\OramixManagedServices\\oms_assessment_database_192.168.0.32_1521_ORCLCDB_20220405_1558.json'>
The specified blob already exists.
RequestId:9b4eae8c-101e-004c-4d00-49f1ee000000
Time:2022-04-05T15:22:23.4685263Z
ErrorCode:BlobAlreadyExists
Content: <?xml version="1.0" encoding="utf-8"?><Error><Code>BlobAlreadyExists</Code><Message>The specified blob already exists.
RequestId:9b4eae8c-101e-004c-4d00-49f1ee000000
Time:2022-04-05T15:22:23.4685263Z</Message></Error>
# ------------------------------------------------------------------------------------------------------------------

----------------------------------------------------------------------------------------------------------------
The specified container already exists.
RequestId:65d12873-201e-0044-7601-49ea9d000000
Time:2022-04-05T15:23:15.0616740Z
ErrorCode:ContainerAlreadyExists
Content: <?xml version="1.0" encoding="utf-8"?><Error><Code>ContainerAlreadyExists</Code><Message>The specified container already exists.
RequestId:65d12873-201e-0044-7601-49ea9d000000
Time:2022-04-05T15:23:15.0616740Z</Message></Error>
----------------------------------------------------------------------------------------------------------------
The specified container already exists.
RequestId:7ee14b10-e01e-001d-5a01-49ef1b000000
Time:2022-04-05T15:24:21.6131186Z
ErrorCode:ContainerAlreadyExists
Content: <?xml version="1.0" encoding="utf-8"?><Error><Code>ContainerAlreadyExists</Code><Message>The specified container already exists.
RequestId:7ee14b10-e01e-001d-5a01-49ef1b000000
Time:2022-04-05T15:24:21.6131186Z</Message></Error>
# ------------------------------------------------------------------------------------------------------------------
# -- <_io.BufferedReader name='.\\OMS-ORCL-ASSESSMENT\\OramixManagedServices\\oms_assessment_database_192.168.0.32_1521_ORCLCDB_20220405_1558.json'>
The specified blob already exists.
RequestId:7ee14b6e-e01e-001d-2a01-49ef1b000000
Time:2022-04-05T15:24:21.7050655Z
ErrorCode:BlobAlreadyExists
Content: <?xml version="1.0" encoding="utf-8"?><Error><Code>BlobAlreadyExists</Code><Message>The specified blob already exists.
RequestId:7ee14b6e-e01e-001d-2a01-49ef1b000000
Time:2022-04-05T15:24:21.7050655Z</Message></Error>
# ------------------------------------------------------------------------------------------------------------------

# ------------------------------------------------------------------------------------------------------------------
# -- <_io.BufferedReader name='.\\OMS-ORCL-ASSESSMENT\\OramixManagedServices\\oms_assessment_dev02_192.168.0.32_1521_ORCLCDB_20220405_1558.json'>
The specified blob already exists.
RequestId:7ee14b93-e01e-001d-4d01-49ef1b000000
Time:2022-04-05T15:24:21.7850193Z
ErrorCode:BlobAlreadyExists
Content: <?xml version="1.0" encoding="utf-8"?><Error><Code>BlobAlreadyExists</Code><Message>The specified blob already exists.
RequestId:7ee14b93-e01e-001d-4d01-49ef1b000000
Time:2022-04-05T15:24:21.7850193Z</Message></Error>
# ------------------------------------------------------------------------------------------------------------------

# ------------------------------------------------------------------------------------------------------------------
# -- <_io.BufferedReader name='.\\OMS-ORCL-ASSESSMENT\\OramixManagedServices\\oms_assessment_test02_192.168.0.32_1521_ORCLCDB_20220405_1558.json'>
The specified blob already exists.
RequestId:7ee14bce-e01e-001d-7e01-49ef1b000000
Time:2022-04-05T15:24:21.8629746Z
ErrorCode:BlobAlreadyExists
Content: <?xml version="1.0" encoding="utf-8"?><Error><Code>BlobAlreadyExists</Code><Message>The specified blob already exists.
RequestId:7ee14bce-e01e-001d-7e01-49ef1b000000
Time:2022-04-05T15:24:21.8629746Z</Message></Error>
# ------------------------------------------------------------------------------------------------------------------

----------------------------------------------------------------------------------------------------------------
The specified container already exists.
RequestId:32915ae6-401e-0032-7c01-496e21000000
Time:2022-04-05T15:24:33.1098295Z
ErrorCode:ContainerAlreadyExists
Content: <?xml version="1.0" encoding="utf-8"?><Error><Code>ContainerAlreadyExists</Code><Message>The specified container already exists.
RequestId:32915ae6-401e-0032-7c01-496e21000000
Time:2022-04-05T15:24:33.1098295Z</Message></Error>
# ------------------------------------------------------------------------------------------------------------------
# -- <_io.BufferedReader name='.\\OMS-ORCL-ASSESSMENT\\OramixManagedServices\\oms_assessment_database_192.168.0.32_1521_ORCLCDB_20220405_1558.json'>
The specified blob already exists.
RequestId:32915b22-401e-0032-2e01-496e21000000
Time:2022-04-05T15:24:33.1957801Z
ErrorCode:BlobAlreadyExists
Content: <?xml version="1.0" encoding="utf-8"?><Error><Code>BlobAlreadyExists</Code><Message>The specified blob already exists.
RequestId:32915b22-401e-0032-2e01-496e21000000
Time:2022-04-05T15:24:33.1957801Z</Message></Error>
# ------------------------------------------------------------------------------------------------------------------

----------------------------------------------------------------------------------------------------------------
The specified container already exists.
RequestId:4419df6a-101e-0047-7401-49e99a000000
Time:2022-04-05T15:25:07.3231825Z
ErrorCode:ContainerAlreadyExists
Content: <?xml version="1.0" encoding="utf-8"?><Error><Code>ContainerAlreadyExists</Code><Message>The specified container already exists.
RequestId:4419df6a-101e-0047-7401-49e99a000000
Time:2022-04-05T15:25:07.3231825Z</Message></Error>
# ------------------------------------------------------------------------------------------------------------------
# -- <_io.BufferedReader name='.\\OMS-ORCL-ASSESSMENT\\OramixManagedServices\\oms_assessment_database_192.168.0.32_1521_ORCLCDB_20220405_1558.json'>
The specified blob already exists.
RequestId:4419df9b-101e-0047-1b01-49e99a000000
Time:2022-04-05T15:25:07.4171288Z
ErrorCode:BlobAlreadyExists
Content: <?xml version="1.0" encoding="utf-8"?><Error><Code>BlobAlreadyExists</Code><Message>The specified blob already exists.
RequestId:4419df9b-101e-0047-1b01-49e99a000000
Time:2022-04-05T15:25:07.4171288Z</Message></Error>
# ------------------------------------------------------------------------------------------------------------------

# ------------------------------------------------------------------------------------------------------------------
# -- <_io.BufferedReader name='.\\OMS-ORCL-ASSESSMENT\\OramixManagedServices\\oms_assessment_dev02_192.168.0.32_1521_ORCLCDB_20220405_1558.json'>
The specified blob already exists.
RequestId:4419dfc9-101e-0047-4501-49e99a000000
Time:2022-04-05T15:25:07.5000810Z
ErrorCode:BlobAlreadyExists
Content: <?xml version="1.0" encoding="utf-8"?><Error><Code>BlobAlreadyExists</Code><Message>The specified blob already exists.
RequestId:4419dfc9-101e-0047-4501-49e99a000000
Time:2022-04-05T15:25:07.5000810Z</Message></Error>
# ------------------------------------------------------------------------------------------------------------------

# ------------------------------------------------------------------------------------------------------------------
# -- <_io.BufferedReader name='.\\OMS-ORCL-ASSESSMENT\\OramixManagedServices\\oms_assessment_test02_192.168.0.32_1521_ORCLCDB_20220405_1558.json'>
The specified blob already exists.
RequestId:4419dff2-101e-0047-6b01-49e99a000000
Time:2022-04-05T15:25:07.5870302Z
ErrorCode:BlobAlreadyExists
Content: <?xml version="1.0" encoding="utf-8"?><Error><Code>BlobAlreadyExists</Code><Message>The specified blob already exists.
RequestId:4419dff2-101e-0047-6b01-49e99a000000
Time:2022-04-05T15:25:07.5870302Z</Message></Error>
# ------------------------------------------------------------------------------------------------------------------

----------------------------------------------------------------------------------------------------------------
The specified container already exists.
RequestId:f4859da9-601e-0048-3801-49046c000000
Time:2022-04-05T15:25:21.8521240Z
ErrorCode:ContainerAlreadyExists
Content: <?xml version="1.0" encoding="utf-8"?><Error><Code>ContainerAlreadyExists</Code><Message>The specified container already exists.
RequestId:f4859da9-601e-0048-3801-49046c000000
Time:2022-04-05T15:25:21.8521240Z</Message></Error>
----------------------------------------------------------------------------------------------------------------
The specified container already exists.
RequestId:488f350f-001e-0053-4201-492afe000000
Time:2022-04-05T15:26:46.8080275Z
ErrorCode:ContainerAlreadyExists
Content: <?xml version="1.0" encoding="utf-8"?><Error><Code>ContainerAlreadyExists</Code><Message>The specified container already exists.
RequestId:488f350f-001e-0053-4201-492afe000000
Time:2022-04-05T15:26:46.8080275Z</Message></Error>
# ------------------------------------------------------------------------------------------------------------------
# -- <_io.BufferedReader name='.\\OMS-ORCL-ASSESSMENT\\OramixManagedServices\\oms_assessment_database_192.168.0.32_1521_ORCLCDB_20220405_1558.json'>
The specified blob already exists.
RequestId:488f3531-001e-0053-5e01-492afe000000
Time:2022-04-05T15:26:46.9009740Z
ErrorCode:BlobAlreadyExists
Content: <?xml version="1.0" encoding="utf-8"?><Error><Code>BlobAlreadyExists</Code><Message>The specified blob already exists.
RequestId:488f3531-001e-0053-5e01-492afe000000
Time:2022-04-05T15:26:46.9009740Z</Message></Error>
# ------------------------------------------------------------------------------------------------------------------

# ------------------------------------------------------------------------------------------------------------------
# -- <_io.BufferedReader name='.\\OMS-ORCL-ASSESSMENT\\OramixManagedServices\\oms_assessment_dev02_192.168.0.32_1521_ORCLCDB_20220405_1558.json'>
The specified blob already exists.
RequestId:488f3559-001e-0053-7e01-492afe000000
Time:2022-04-05T15:26:46.9949199Z
ErrorCode:BlobAlreadyExists
Content: <?xml version="1.0" encoding="utf-8"?><Error><Code>BlobAlreadyExists</Code><Message>The specified blob already exists.
RequestId:488f3559-001e-0053-7e01-492afe000000
Time:2022-04-05T15:26:46.9949199Z</Message></Error>
# ------------------------------------------------------------------------------------------------------------------

# ------------------------------------------------------------------------------------------------------------------
# -- <_io.BufferedReader name='.\\OMS-ORCL-ASSESSMENT\\OramixManagedServices\\oms_assessment_test02_192.168.0.32_1521_ORCLCDB_20220405_1558.json'>
The specified blob already exists.
RequestId:488f3588-001e-0053-2601-492afe000000
Time:2022-04-05T15:26:47.1038593Z
ErrorCode:BlobAlreadyExists
Content: <?xml version="1.0" encoding="utf-8"?><Error><Code>BlobAlreadyExists</Code><Message>The specified blob already exists.
RequestId:488f3588-001e-0053-2601-492afe000000
Time:2022-04-05T15:26:47.1038593Z</Message></Error>
# ------------------------------------------------------------------------------------------------------------------

----------------------------------------------------------------------------------------------------------------
The specified container already exists.
RequestId:39ee418f-301e-0072-1c01-4947cf000000
Time:2022-04-05T15:27:03.3395493Z
ErrorCode:ContainerAlreadyExists
Content: <?xml version="1.0" encoding="utf-8"?><Error><Code>ContainerAlreadyExists</Code><Message>The specified container already exists.
RequestId:39ee418f-301e-0072-1c01-4947cf000000
Time:2022-04-05T15:27:03.3395493Z</Message></Error>
----------------------------------------------------------------------------------------------------------------
The specified container already exists.
RequestId:2ef7f47b-601e-0043-3701-491c18000000
Time:2022-04-05T15:28:32.4122366Z
ErrorCode:ContainerAlreadyExists
Content: <?xml version="1.0" encoding="utf-8"?><Error><Code>ContainerAlreadyExists</Code><Message>The specified container already exists.
RequestId:2ef7f47b-601e-0043-3701-491c18000000
Time:2022-04-05T15:28:32.4122366Z</Message></Error>
----------------------------------------------------------------------------------------------------------------
The specified container already exists.
RequestId:152298b5-f01e-0009-6c01-492c7f000000
Time:2022-04-05T15:29:04.3962237Z
ErrorCode:ContainerAlreadyExists
Content: <?xml version="1.0" encoding="utf-8"?><Error><Code>ContainerAlreadyExists</Code><Message>The specified container already exists.
RequestId:152298b5-f01e-0009-6c01-492c7f000000
Time:2022-04-05T15:29:04.3962237Z</Message></Error>
# ------------------------------------------------------------------------------------------------------------------
# -- <_io.BufferedReader name='.\\OMS-ORCL-ASSESSMENT\\OramixManagedServices\\oms_assessment_database_192.168.0.32_1521_ORCLCDB_20220405_1558.json'>
The specified blob already exists.
RequestId:15229913-f01e-0009-4201-492c7f000000
Time:2022-04-05T15:29:04.4761777Z
ErrorCode:BlobAlreadyExists
Content: <?xml version="1.0" encoding="utf-8"?><Error><Code>BlobAlreadyExists</Code><Message>The specified blob already exists.
RequestId:15229913-f01e-0009-4201-492c7f000000
Time:2022-04-05T15:29:04.4761777Z</Message></Error>
# ------------------------------------------------------------------------------------------------------------------

----------------------------------------------------------------------------------------------------------------
The specified container already exists.
RequestId:910111eb-f01e-0046-4001-49e867000000
Time:2022-04-05T15:29:30.7770121Z
ErrorCode:ContainerAlreadyExists
Content: <?xml version="1.0" encoding="utf-8"?><Error><Code>ContainerAlreadyExists</Code><Message>The specified container already exists.
RequestId:910111eb-f01e-0046-4001-49e867000000
Time:2022-04-05T15:29:30.7770121Z</Message></Error>
----------------------------------------------------------------------------------------------------------------
The specified container already exists.
RequestId:81c2ed3a-301e-003d-3202-4983d7000000
Time:2022-04-05T15:30:22.6608544Z
ErrorCode:ContainerAlreadyExists
Content: <?xml version="1.0" encoding="utf-8"?><Error><Code>ContainerAlreadyExists</Code><Message>The specified container already exists.
RequestId:81c2ed3a-301e-003d-3202-4983d7000000
Time:2022-04-05T15:30:22.6608544Z</Message></Error>
# ------------------------------------------------------------------------------------------------------------------
# -- <_io.BufferedReader name='.\\OMS-ORCL-ASSESSMENT\\OramixManagedServices\\oms_assessment_database_192.168.0.32_1521_ORCLCDB_20220405_1558.json'>
The specified blob already exists.
RequestId:81c2ed60-301e-003d-5202-4983d7000000
Time:2022-04-05T15:30:22.7547997Z
ErrorCode:BlobAlreadyExists
Content: <?xml version="1.0" encoding="utf-8"?><Error><Code>BlobAlreadyExists</Code><Message>The specified blob already exists.
RequestId:81c2ed60-301e-003d-5202-4983d7000000
Time:2022-04-05T15:30:22.7547997Z</Message></Error>
# ------------------------------------------------------------------------------------------------------------------

----------------------------------------------------------------------------------------------------------------
The specified container already exists.
RequestId:0142dead-f01e-0002-5402-49340b000000
Time:2022-04-05T15:30:57.8925081Z
ErrorCode:ContainerAlreadyExists
Content: <?xml version="1.0" encoding="utf-8"?><Error><Code>ContainerAlreadyExists</Code><Message>The specified container already exists.
RequestId:0142dead-f01e-0002-5402-49340b000000
Time:2022-04-05T15:30:57.8925081Z</Message></Error>
----------------------------------------------------------------------------------------------------------------
The specified container already exists.
RequestId:006cfcb2-301e-0036-2602-499ba3000000
Time:2022-04-05T15:32:55.3869138Z
ErrorCode:ContainerAlreadyExists
Content: <?xml version="1.0" encoding="utf-8"?><Error><Code>ContainerAlreadyExists</Code><Message>The specified container already exists.
RequestId:006cfcb2-301e-0036-2602-499ba3000000
Time:2022-04-05T15:32:55.3869138Z</Message></Error>
# ------------------------------------------------------------------------------------------------------------------
# -- <_io.BufferedReader name='.\\OMS-ORCL-ASSESSMENT\\OramixManagedServices\\oms_assessment_database_192.168.0.32_1521_ORCLCDB_20220405_1558.json'>
The specified blob already exists.
RequestId:006cfd43-301e-0036-7102-499ba3000000
Time:2022-04-05T15:32:55.4778620Z
ErrorCode:BlobAlreadyExists
Content: <?xml version="1.0" encoding="utf-8"?><Error><Code>BlobAlreadyExists</Code><Message>The specified blob already exists.
RequestId:006cfd43-301e-0036-7102-499ba3000000
Time:2022-04-05T15:32:55.4778620Z</Message></Error>
# ------------------------------------------------------------------------------------------------------------------

----------------------------------------------------------------------------------------------------------------
The specified container already exists.
RequestId:2f91d159-f01e-004d-5602-49f013000000
Time:2022-04-05T15:36:37.7052936Z
ErrorCode:ContainerAlreadyExists
Content: <?xml version="1.0" encoding="utf-8"?><Error><Code>ContainerAlreadyExists</Code><Message>The specified container already exists.
RequestId:2f91d159-f01e-004d-5602-49f013000000
Time:2022-04-05T15:36:37.7052936Z</Message></Error>
----------------------------------------------------------------------------------------------------------------
The specified container already exists.
RequestId:67165033-401e-0076-0202-49b24d000000
Time:2022-04-05T15:36:53.2228113Z
ErrorCode:ContainerAlreadyExists
Content: <?xml version="1.0" encoding="utf-8"?><Error><Code>ContainerAlreadyExists</Code><Message>The specified container already exists.
RequestId:67165033-401e-0076-0202-49b24d000000
Time:2022-04-05T15:36:53.2228113Z</Message></Error>
# ------------------------------------------------------------------------------------------------------------------
# -- <_io.BufferedReader name='.\\OMS-ORCL-ASSESSMENT\\OramixManagedServices\\oms_assessment_database_192.168.0.32_1521_ORCLCDB_20220405_1558.json'>
The specified blob already exists.
RequestId:67165084-401e-0076-4a02-49b24d000000
Time:2022-04-05T15:36:53.3207561Z
ErrorCode:BlobAlreadyExists
Content: <?xml version="1.0" encoding="utf-8"?><Error><Code>BlobAlreadyExists</Code><Message>The specified blob already exists.
RequestId:67165084-401e-0076-4a02-49b24d000000
Time:2022-04-05T15:36:53.3207561Z</Message></Error>
# ------------------------------------------------------------------------------------------------------------------

# ------------------------------------------------------------------------------------------------------------------
# -- <_io.BufferedReader name='.\\OMS-ORCL-ASSESSMENT\\OramixManagedServices\\oms_assessment_dev02_192.168.0.32_1521_ORCLCDB_20220405_1558.json'>
The specified blob already exists.
RequestId:671650b3-401e-0076-7302-49b24d000000
Time:2022-04-05T15:36:53.4167026Z
ErrorCode:BlobAlreadyExists
Content: <?xml version="1.0" encoding="utf-8"?><Error><Code>BlobAlreadyExists</Code><Message>The specified blob already exists.
RequestId:671650b3-401e-0076-7302-49b24d000000
Time:2022-04-05T15:36:53.4167026Z</Message></Error>
# ------------------------------------------------------------------------------------------------------------------

# ------------------------------------------------------------------------------------------------------------------
# -- <_io.BufferedReader name='.\\OMS-ORCL-ASSESSMENT\\OramixManagedServices\\oms_assessment_test02_192.168.0.32_1521_ORCLCDB_20220405_1558.json'>
The specified blob already exists.
RequestId:671650cd-401e-0076-0b02-49b24d000000
Time:2022-04-05T15:36:53.4986555Z
ErrorCode:BlobAlreadyExists
Content: <?xml version="1.0" encoding="utf-8"?><Error><Code>BlobAlreadyExists</Code><Message>The specified blob already exists.
RequestId:671650cd-401e-0076-0b02-49b24d000000
Time:2022-04-05T15:36:53.4986555Z</Message></Error>
# ------------------------------------------------------------------------------------------------------------------

----------------------------------------------------------------------------------------------------------------
The specified container already exists.
RequestId:65dbcd84-201e-0044-6d03-49ea9d000000
Time:2022-04-05T15:37:47.3299953Z
ErrorCode:ContainerAlreadyExists
Content: <?xml version="1.0" encoding="utf-8"?><Error><Code>ContainerAlreadyExists</Code><Message>The specified container already exists.
RequestId:65dbcd84-201e-0044-6d03-49ea9d000000
Time:2022-04-05T15:37:47.3299953Z</Message></Error>
# ------------------------------------------------------------------------------------------------------------------
# -- <_io.BufferedReader name='.\\OMS-ORCL-ASSESSMENT\\OramixManagedServices\\oms_assessment_database_192.168.0.32_1521_ORCLCDB_20220405_1558.json'>
The specified blob already exists.
RequestId:65dbcdc3-201e-0044-2403-49ea9d000000
Time:2022-04-05T15:37:47.4259410Z
ErrorCode:BlobAlreadyExists
Content: <?xml version="1.0" encoding="utf-8"?><Error><Code>BlobAlreadyExists</Code><Message>The specified blob already exists.
RequestId:65dbcdc3-201e-0044-2403-49ea9d000000
Time:2022-04-05T15:37:47.4259410Z</Message></Error>
# ------------------------------------------------------------------------------------------------------------------

# ------------------------------------------------------------------------------------------------------------------
# -- <_io.BufferedReader name='.\\OMS-ORCL-ASSESSMENT\\OramixManagedServices\\oms_assessment_dev02_192.168.0.32_1521_ORCLCDB_20220405_1558.json'>
The specified blob already exists.
RequestId:65dbcdfa-201e-0044-5603-49ea9d000000
Time:2022-04-05T15:37:47.5068955Z
ErrorCode:BlobAlreadyExists
Content: <?xml version="1.0" encoding="utf-8"?><Error><Code>BlobAlreadyExists</Code><Message>The specified blob already exists.
RequestId:65dbcdfa-201e-0044-5603-49ea9d000000
Time:2022-04-05T15:37:47.5068955Z</Message></Error>
# ------------------------------------------------------------------------------------------------------------------

# ------------------------------------------------------------------------------------------------------------------
# -- <_io.BufferedReader name='.\\OMS-ORCL-ASSESSMENT\\OramixManagedServices\\oms_assessment_test02_192.168.0.32_1521_ORCLCDB_20220405_1558.json'>
The specified blob already exists.
RequestId:65dbce31-201e-0044-0a03-49ea9d000000
Time:2022-04-05T15:37:47.5908481Z
ErrorCode:BlobAlreadyExists
Content: <?xml version="1.0" encoding="utf-8"?><Error><Code>BlobAlreadyExists</Code><Message>The specified blob already exists.
RequestId:65dbce31-201e-0044-0a03-49ea9d000000
Time:2022-04-05T15:37:47.5908481Z</Message></Error>
# ------------------------------------------------------------------------------------------------------------------

----------------------------------------------------------------------------------------------------------------
The specified container already exists.
RequestId:8f6db5f0-b01e-002c-6403-49b4cc000000
Time:2022-04-05T15:43:35.2714699Z
ErrorCode:ContainerAlreadyExists
Content: <?xml version="1.0" encoding="utf-8"?><Error><Code>ContainerAlreadyExists</Code><Message>The specified container already exists.
RequestId:8f6db5f0-b01e-002c-6403-49b4cc000000
Time:2022-04-05T15:43:35.2714699Z</Message></Error>
# ------------------------------------------------------------------------------------------------------------------
# -- <_io.BufferedReader name='.\\OMS-ORCL-ASSESSMENT\\OramixManagedServices\\oms_assessment_database_192.168.0.32_1521_ORCLCDB_20220405_1558.json'>
The specified blob already exists.
RequestId:8f6db62c-b01e-002c-1903-49b4cc000000
Time:2022-04-05T15:43:35.3664160Z
ErrorCode:BlobAlreadyExists
Content: <?xml version="1.0" encoding="utf-8"?><Error><Code>BlobAlreadyExists</Code><Message>The specified blob already exists.
RequestId:8f6db62c-b01e-002c-1903-49b4cc000000
Time:2022-04-05T15:43:35.3664160Z</Message></Error>
# ------------------------------------------------------------------------------------------------------------------

# ------------------------------------------------------------------------------------------------------------------
# -- <_io.BufferedReader name='.\\OMS-ORCL-ASSESSMENT\\OramixManagedServices\\oms_assessment_dev02_192.168.0.32_1521_ORCLCDB_20220405_1558.json'>
The specified blob already exists.
RequestId:8f6db661-b01e-002c-4803-49b4cc000000
Time:2022-04-05T15:43:35.4523668Z
ErrorCode:BlobAlreadyExists
Content: <?xml version="1.0" encoding="utf-8"?><Error><Code>BlobAlreadyExists</Code><Message>The specified blob already exists.
RequestId:8f6db661-b01e-002c-4803-49b4cc000000
Time:2022-04-05T15:43:35.4523668Z</Message></Error>
# ------------------------------------------------------------------------------------------------------------------

# ------------------------------------------------------------------------------------------------------------------
# -- <_io.BufferedReader name='.\\OMS-ORCL-ASSESSMENT\\OramixManagedServices\\oms_assessment_test02_192.168.0.32_1521_ORCLCDB_20220405_1558.json'>
The specified blob already exists.
RequestId:8f6db68f-b01e-002c-7403-49b4cc000000
Time:2022-04-05T15:43:35.5333194Z
ErrorCode:BlobAlreadyExists
Content: <?xml version="1.0" encoding="utf-8"?><Error><Code>BlobAlreadyExists</Code><Message>The specified blob already exists.
RequestId:8f6db68f-b01e-002c-7403-49b4cc000000
Time:2022-04-05T15:43:35.5333194Z</Message></Error>
# ------------------------------------------------------------------------------------------------------------------

----------------------------------------------------------------------------------------------------------------
The specified container already exists.
RequestId:eb1e29f9-501e-002d-7003-49b531000000
Time:2022-04-05T15:44:00.9090279Z
ErrorCode:ContainerAlreadyExists
Content: <?xml version="1.0" encoding="utf-8"?><Error><Code>ContainerAlreadyExists</Code><Message>The specified container already exists.
RequestId:eb1e29f9-501e-002d-7003-49b531000000
Time:2022-04-05T15:44:00.9090279Z</Message></Error>
# ------------------------------------------------------------------------------------------------------------------
# -- <_io.BufferedReader name='.\\OMS-ORCL-ASSESSMENT\\OramixManagedServices\\oms_assessment_database_192.168.0.32_1521_ORCLCDB_20220405_1558.json'>
The specified blob already exists.
RequestId:eb1e2a31-501e-002d-2103-49b531000000
Time:2022-04-05T15:44:00.9979777Z
ErrorCode:BlobAlreadyExists
Content: <?xml version="1.0" encoding="utf-8"?><Error><Code>BlobAlreadyExists</Code><Message>The specified blob already exists.
RequestId:eb1e2a31-501e-002d-2103-49b531000000
Time:2022-04-05T15:44:00.9979777Z</Message></Error>
# ------------------------------------------------------------------------------------------------------------------

# ------------------------------------------------------------------------------------------------------------------
# -- <_io.BufferedReader name='.\\OMS-ORCL-ASSESSMENT\\OramixManagedServices\\oms_assessment_dev02_192.168.0.32_1521_ORCLCDB_20220405_1558.json'>
The specified blob already exists.
RequestId:eb1e2a5c-501e-002d-4b03-49b531000000
Time:2022-04-05T15:44:01.0809305Z
ErrorCode:BlobAlreadyExists
Content: <?xml version="1.0" encoding="utf-8"?><Error><Code>BlobAlreadyExists</Code><Message>The specified blob already exists.
RequestId:eb1e2a5c-501e-002d-4b03-49b531000000
Time:2022-04-05T15:44:01.0809305Z</Message></Error>
# ------------------------------------------------------------------------------------------------------------------

# ------------------------------------------------------------------------------------------------------------------
# -- <_io.BufferedReader name='.\\OMS-ORCL-ASSESSMENT\\OramixManagedServices\\oms_assessment_test02_192.168.0.32_1521_ORCLCDB_20220405_1558.json'>
The specified blob already exists.
RequestId:eb1e2a96-501e-002d-7f03-49b531000000
Time:2022-04-05T15:44:01.1688816Z
ErrorCode:BlobAlreadyExists
Content: <?xml version="1.0" encoding="utf-8"?><Error><Code>BlobAlreadyExists</Code><Message>The specified blob already exists.
RequestId:eb1e2a96-501e-002d-7f03-49b531000000
Time:2022-04-05T15:44:01.1688816Z</Message></Error>
# ------------------------------------------------------------------------------------------------------------------

----------------------------------------------------------------------------------------------------------------
The specified container already exists.
RequestId:3863b9de-701e-0075-0b04-49b14a000000
Time:2022-04-05T15:44:35.9638590Z
ErrorCode:ContainerAlreadyExists
Content: <?xml version="1.0" encoding="utf-8"?><Error><Code>ContainerAlreadyExists</Code><Message>The specified container already exists.
RequestId:3863b9de-701e-0075-0b04-49b14a000000
Time:2022-04-05T15:44:35.9638590Z</Message></Error>
----------------------------------------------------------------------------------------------------------------
The specified container already exists.
RequestId:70d65fad-901e-0074-7d04-49b0b7000000
Time:2022-04-05T15:48:30.1512501Z
ErrorCode:ContainerAlreadyExists
Content: <?xml version="1.0" encoding="utf-8"?><Error><Code>ContainerAlreadyExists</Code><Message>The specified container already exists.
RequestId:70d65fad-901e-0074-7d04-49b0b7000000
Time:2022-04-05T15:48:30.1512501Z</Message></Error>
# ------------------------------------------------------------------------------------------------------------------
# -- <_io.BufferedReader name='.\\OMS-ORCL-ASSESSMENT\\OramixManagedServices\\oms_assessment_database_192.168.0.32_1521_ORCLCDB_20220405_1558.json'>
The specified blob already exists.
RequestId:70d65fdb-901e-0074-2704-49b0b7000000
Time:2022-04-05T15:48:30.2342039Z
ErrorCode:BlobAlreadyExists
Content: <?xml version="1.0" encoding="utf-8"?><Error><Code>BlobAlreadyExists</Code><Message>The specified blob already exists.
RequestId:70d65fdb-901e-0074-2704-49b0b7000000
Time:2022-04-05T15:48:30.2342039Z</Message></Error>
# ------------------------------------------------------------------------------------------------------------------

# ------------------------------------------------------------------------------------------------------------------
# -- <_io.BufferedReader name='.\\OMS-ORCL-ASSESSMENT\\OramixManagedServices\\oms_assessment_test02_192.168.0.32_1521_ORCLCDB_20220405_1558.json'>
The specified blob already exists.
RequestId:70d6601e-901e-0074-6404-49b0b7000000
Time:2022-04-05T15:48:30.4450849Z
ErrorCode:BlobAlreadyExists
Content: <?xml version="1.0" encoding="utf-8"?><Error><Code>BlobAlreadyExists</Code><Message>The specified blob already exists.
RequestId:70d6601e-901e-0074-6404-49b0b7000000
Time:2022-04-05T15:48:30.4450849Z</Message></Error>
# ------------------------------------------------------------------------------------------------------------------

----------------------------------------------------------------------------------------------------------------
The specified container already exists.
RequestId:014dd081-f01e-0002-5d04-49340b000000
Time:2022-04-05T15:49:05.1368539Z
ErrorCode:ContainerAlreadyExists
Content: <?xml version="1.0" encoding="utf-8"?><Error><Code>ContainerAlreadyExists</Code><Message>The specified container already exists.
RequestId:014dd081-f01e-0002-5d04-49340b000000
Time:2022-04-05T15:49:05.1368539Z</Message></Error>
# ------------------------------------------------------------------------------------------------------------------
# -- <_io.BufferedReader name='.\\OMS-ORCL-ASSESSMENT\\OramixManagedServices\\oms_assessment_database_192.168.0.32_1521_ORCLCDB_20220405_1558.json'>
The specified blob already exists.
RequestId:014dd0e5-f01e-0002-1904-49340b000000
Time:2022-04-05T15:49:05.2258025Z
ErrorCode:BlobAlreadyExists
Content: <?xml version="1.0" encoding="utf-8"?><Error><Code>BlobAlreadyExists</Code><Message>The specified blob already exists.
RequestId:014dd0e5-f01e-0002-1904-49340b000000
Time:2022-04-05T15:49:05.2258025Z</Message></Error>
# ------------------------------------------------------------------------------------------------------------------

# ------------------------------------------------------------------------------------------------------------------
# -- <_io.BufferedReader name='.\\OMS-ORCL-ASSESSMENT\\OramixManagedServices\\oms_assessment_dev02_192.168.0.32_1521_ORCLCDB_20220405_1558.json'>
The specified blob already exists.
RequestId:014dd12b-f01e-0002-5704-49340b000000
Time:2022-04-05T15:49:05.3027582Z
ErrorCode:BlobAlreadyExists
Content: <?xml version="1.0" encoding="utf-8"?><Error><Code>BlobAlreadyExists</Code><Message>The specified blob already exists.
RequestId:014dd12b-f01e-0002-5704-49340b000000
Time:2022-04-05T15:49:05.3027582Z</Message></Error>
# ------------------------------------------------------------------------------------------------------------------

# ------------------------------------------------------------------------------------------------------------------
# -- <_io.BufferedReader name='.\\OMS-ORCL-ASSESSMENT\\OramixManagedServices\\oms_assessment_test02_192.168.0.32_1521_ORCLCDB_20220405_1558.json'>
The specified blob already exists.
RequestId:014dd16e-f01e-0002-0e04-49340b000000
Time:2022-04-05T15:49:05.3847110Z
ErrorCode:BlobAlreadyExists
Content: <?xml version="1.0" encoding="utf-8"?><Error><Code>BlobAlreadyExists</Code><Message>The specified blob already exists.
RequestId:014dd16e-f01e-0002-0e04-49340b000000
Time:2022-04-05T15:49:05.3847110Z</Message></Error>
# ------------------------------------------------------------------------------------------------------------------

----------------------------------------------------------------------------------------------------------------
The specified container already exists.
RequestId:931f4102-601e-000c-4204-49d800000000
Time:2022-04-05T15:49:15.3138337Z
ErrorCode:ContainerAlreadyExists
Content: <?xml version="1.0" encoding="utf-8"?><Error><Code>ContainerAlreadyExists</Code><Message>The specified container already exists.
RequestId:931f4102-601e-000c-4204-49d800000000
Time:2022-04-05T15:49:15.3138337Z</Message></Error>
# ------------------------------------------------------------------------------------------------------------------
# -- <_io.BufferedReader name='.\\OMS-ORCL-ASSESSMENT\\OramixManagedServices\\oms_assessment_dev02_192.168.0.32_1521_ORCLCDB_20220405_1558.json'>
The specified blob already exists.
RequestId:931f4166-601e-000c-1c04-49d800000000
Time:2022-04-05T15:49:15.5187146Z
ErrorCode:BlobAlreadyExists
Content: <?xml version="1.0" encoding="utf-8"?><Error><Code>BlobAlreadyExists</Code><Message>The specified blob already exists.
RequestId:931f4166-601e-000c-1c04-49d800000000
Time:2022-04-05T15:49:15.5187146Z</Message></Error>
# ------------------------------------------------------------------------------------------------------------------

# ------------------------------------------------------------------------------------------------------------------
# -- <_io.BufferedReader name='.\\OMS-ORCL-ASSESSMENT\\OramixManagedServices\\oms_assessment_test02_192.168.0.32_1521_ORCLCDB_20220405_1558.json'>
The specified blob already exists.
RequestId:931f4184-601e-000c-3804-49d800000000
Time:2022-04-05T15:49:15.6006671Z
ErrorCode:BlobAlreadyExists
Content: <?xml version="1.0" encoding="utf-8"?><Error><Code>BlobAlreadyExists</Code><Message>The specified blob already exists.
RequestId:931f4184-601e-000c-3804-49d800000000
Time:2022-04-05T15:49:15.6006671Z</Message></Error>
# ------------------------------------------------------------------------------------------------------------------

----------------------------------------------------------------------------------------------------------------
The specified container already exists.
RequestId:98979c18-a01e-005e-2104-49c5f2000000
Time:2022-04-05T15:49:59.3520197Z
ErrorCode:ContainerAlreadyExists
Content: <?xml version="1.0" encoding="utf-8"?><Error><Code>ContainerAlreadyExists</Code><Message>The specified container already exists.
RequestId:98979c18-a01e-005e-2104-49c5f2000000
Time:2022-04-05T15:49:59.3520197Z</Message></Error>
# ------------------------------------------------------------------------------------------------------------------
# -- <_io.BufferedReader name='.\\OMS-ORCL-ASSESSMENT\\OramixManagedServices\\oms_assessment_database_192.168.0.32_1521_ORCLCDB_20220405_1558.json'>
The specified blob already exists.
RequestId:98979c38-a01e-005e-3904-49c5f2000000
Time:2022-04-05T15:49:59.4469663Z
ErrorCode:BlobAlreadyExists
Content: <?xml version="1.0" encoding="utf-8"?><Error><Code>BlobAlreadyExists</Code><Message>The specified blob already exists.
RequestId:98979c38-a01e-005e-3904-49c5f2000000
Time:2022-04-05T15:49:59.4469663Z</Message></Error>
# ------------------------------------------------------------------------------------------------------------------

# ------------------------------------------------------------------------------------------------------------------
# -- <_io.BufferedReader name='.\\OMS-ORCL-ASSESSMENT\\OramixManagedServices\\oms_assessment_test02_192.168.0.32_1521_ORCLCDB_20220405_1558.json'>
The specified blob already exists.
RequestId:98979c7f-a01e-005e-7a04-49c5f2000000
Time:2022-04-05T15:49:59.6328631Z
ErrorCode:BlobAlreadyExists
Content: <?xml version="1.0" encoding="utf-8"?><Error><Code>BlobAlreadyExists</Code><Message>The specified blob already exists.
RequestId:98979c7f-a01e-005e-7a04-49c5f2000000
Time:2022-04-05T15:49:59.6328631Z</Message></Error>
# ------------------------------------------------------------------------------------------------------------------

----------------------------------------------------------------------------------------------------------------
The specified container already exists.
RequestId:c61ad468-c01e-0067-7804-498556000000
Time:2022-04-05T15:50:54.6364214Z
ErrorCode:ContainerAlreadyExists
Content: <?xml version="1.0" encoding="utf-8"?><Error><Code>ContainerAlreadyExists</Code><Message>The specified container already exists.
RequestId:c61ad468-c01e-0067-7804-498556000000
Time:2022-04-05T15:50:54.6364214Z</Message></Error>
----------------------------------------------------------------------------------------------------------------
The specified container already exists.
RequestId:17f307ec-c01e-0001-4705-49370c000000
Time:2022-04-05T15:52:13.9168709Z
ErrorCode:ContainerAlreadyExists
Content: <?xml version="1.0" encoding="utf-8"?><Error><Code>ContainerAlreadyExists</Code><Message>The specified container already exists.
RequestId:17f307ec-c01e-0001-4705-49370c000000
Time:2022-04-05T15:52:13.9168709Z</Message></Error>
# ------------------------------------------------------------------------------------------------------------------
# -- <_io.BufferedReader name='.\\OMS-ORCL-ASSESSMENT\\OramixManagedServices\\oms_assessment_database_192.168.0.32_1521_ORCLCDB_20220405_1558.json'>
The specified blob already exists.
RequestId:f27375f4-001e-0071-0e07-4944c8000000
Time:2022-04-05T16:09:25.9391015Z
ErrorCode:BlobAlreadyExists
Content: <?xml version="1.0" encoding="utf-8"?><Error><Code>BlobAlreadyExists</Code><Message>The specified blob already exists.
RequestId:f27375f4-001e-0071-0e07-4944c8000000
Time:2022-04-05T16:09:25.9391015Z</Message></Error>
# ------------------------------------------------------------------------------------------------------------------

# ------------------------------------------------------------------------------------------------------------------
# -- <_io.BufferedReader name='.\\OMS-ORCL-ASSESSMENT\\OramixManagedServices\\oms_assessment_test02_192.168.0.32_1521_ORCLCDB_20220405_1558.json'>
The specified blob already exists.
RequestId:f2737678-001e-0071-0907-4944c8000000
Time:2022-04-05T16:09:26.2329325Z
ErrorCode:BlobAlreadyExists
Content: <?xml version="1.0" encoding="utf-8"?><Error><Code>BlobAlreadyExists</Code><Message>The specified blob already exists.
RequestId:f2737678-001e-0071-0907-4944c8000000
Time:2022-04-05T16:09:26.2329325Z</Message></Error>
# ------------------------------------------------------------------------------------------------------------------
