
----------------------------------------------------------------------------------------------------------------
The specified container already exists.
RequestId:871c4f08-801e-0060-0dde-4873d3000000
Time:2022-04-05T11:15:36.5695836Z
ErrorCode:ContainerAlreadyExists
Content: <?xml version="1.0" encoding="utf-8"?><Error><Code>ContainerAlreadyExists</Code><Message>The specified container already exists.
RequestId:871c4f08-801e-0060-0dde-4873d3000000
Time:2022-04-05T11:15:36.5695836Z</Message></Error>
----------------------------------------------------------------------------------------------------------------
The specified container already exists.
RequestId:543d0de0-a01e-005e-20e2-48c5f2000000
Time:2022-04-05T11:43:44.0494432Z
ErrorCode:ContainerAlreadyExists
Content: <?xml version="1.0" encoding="utf-8"?><Error><Code>ContainerAlreadyExists</Code><Message>The specified container already exists.
RequestId:543d0de0-a01e-005e-20e2-48c5f2000000
Time:2022-04-05T11:43:44.0494432Z</Message></Error>
----------------------------------------------------------------------------------------------------------------
The specified container already exists.
RequestId:b81110a0-d01e-0037-67e2-489a5e000000
Time:2022-04-05T11:44:34.6977686Z
ErrorCode:ContainerAlreadyExists
Content: <?xml version="1.0" encoding="utf-8"?><Error><Code>ContainerAlreadyExists</Code><Message>The specified container already exists.
RequestId:b81110a0-d01e-0037-67e2-489a5e000000
Time:2022-04-05T11:44:34.6977686Z</Message></Error>